<?xml version="1.0" encoding="UTF-8"?>
<!-- Generated by org.testng.reporters.JUnitReportReporter -->
<testsuite hostname="LAPTOP-VLNDL6NA" failures="0" tests="1" name="harika_nationalities.TC01_static_me" time="19.323" errors="0" timestamp="2021-11-11T12:17:08 IST" skipped="0">
  <testcase classname="harika_nationalities.TC01_static_me" name="add_nationality" time="19.323"/>
  <system-out/>
</testsuite> <!-- harika_nationalities.TC01_static_me -->
