<?xml version="1.0" encoding="UTF-8"?>
<!-- Generated by org.testng.reporters.JUnitReportReporter -->
<testsuite hostname="LAPTOP-VLNDL6NA" failures="0" tests="1" name="Day_Parllel_classes.TC01_orangehrm2" time="10.713" errors="0" timestamp="2021-11-15T12:35:29 IST" skipped="0">
  <testcase classname="Day_Parllel_classes.TC01_orangehrm2" name="parallel_classes" time="10.713"/>
  <system-out/>
</testsuite> <!-- Day_Parllel_classes.TC01_orangehrm2 -->
