<?xml version="1.0" encoding="UTF-8"?>
<!-- Generated by org.testng.reporters.JUnitReportReporter -->
<testsuite hostname="LAPTOP-VLNDL6NA" failures="0" tests="6" name="Day16_priorities.TC01_Without_priority" time="28.150" errors="0" timestamp="2021-11-16T12:14:45 IST" skipped="0">
  <testcase classname="Day16_priorities.TC01_Without_priority" name="Test3_Login" time="5.188"/>
  <system-out/>
  <testcase classname="Day16_priorities.TC01_Without_priority" name="Test5_Logout" time="10.209"/>
  <system-out/>
  <testcase classname="Day16_priorities.TC01_Without_priority" name="Test1_OpenChromeBrowser" time="1.790"/>
  <system-out/>
  <testcase classname="Day16_priorities.TC01_Without_priority" name="Test2_OpenOrangeHRM" time="6.413"/>
  <system-out/>
  <testcase classname="Day16_priorities.TC01_Without_priority" name="Test4_Addnatialities" time="4.324"/>
  <system-out/>
  <testcase classname="Day16_priorities.TC01_Without_priority" name="Test6_closebrowser" time="0.226"/>
  <system-out/>
</testsuite> <!-- Day16_priorities.TC01_Without_priority -->
