<?xml version="1.0" encoding="UTF-8"?>
<!-- Generated by org.testng.reporters.JUnitReportReporter -->
<testsuite hostname="LAPTOP-VLNDL6NA" failures="0" tests="2" name="Day15_Parallel_methods.TC01_Add_jobs" time="23.383" errors="0" timestamp="2021-11-15T13:03:23 IST" skipped="0">
  <testcase classname="Day15_Parallel_methods.TC01_Add_jobs" name="parallel_methods2" time="4.482"/>
  <system-out/>
  <testcase classname="Day15_Parallel_methods.TC01_Add_jobs" name="parallel_methods" time="18.901"/>
  <system-out/>
</testsuite> <!-- Day15_Parallel_methods.TC01_Add_jobs -->
