<?xml version="1.0" encoding="UTF-8"?>
<!-- Generated by org.testng.reporters.JUnitReportReporter -->
<testsuite hostname="LAPTOP-VLNDL6NA" failures="0" tests="1" name="Sai_Day1.TC01_static_me" time="22.741" errors="0" timestamp="2021-11-23T12:30:51 IST" skipped="0">
  <testcase classname="Sai_Day1.TC01_static_me" name="testUntitledTestCase" time="22.741"/>
</testsuite> <!-- Sai_Day1.TC01_static_me -->
