<?xml version="1.0" encoding="UTF-8"?>
<!-- Generated by org.testng.reporters.JUnitReportReporter -->
<testsuite hostname="LAPTOP-VLNDL6NA" failures="0" tests="1" name="November_19_Action_class.TC03_Dobel_click" time="19.796" errors="0" timestamp="2021-11-19T12:36:03 IST" skipped="0">
  <testcase classname="November_19_Action_class.TC03_Dobel_click" name="Test_Automatic" time="19.796"/>
</testsuite> <!-- November_19_Action_class.TC03_Dobel_click -->
