<?xml version="1.0" encoding="UTF-8"?>
<!-- Generated by org.testng.reporters.JUnitReportReporter -->
<testsuite hostname="LAPTOP-VLNDL6NA" failures="0" tests="1" name="Sai_day2.TC01_NonSatatic_parameters" time="10.984" errors="0" timestamp="2021-11-13T10:19:56 IST" skipped="0">
  <testcase classname="Sai_day2.TC01_NonSatatic_parameters" name="Logintest" time="10.984"/>
  <system-out/>
</testsuite> <!-- Sai_day2.TC01_NonSatatic_parameters -->
