<?xml version="1.0" encoding="UTF-8"?>
<!-- Generated by org.testng.reporters.JUnitReportReporter -->
<testsuite hostname="LAPTOP-VLNDL6NA" failures="0" tests="1" name="Day_Parllel_classes.TC01_orangehrm" time="6.057" errors="0" timestamp="2021-11-15T12:17:41 IST" skipped="0">
  <testcase classname="Day_Parllel_classes.TC01_orangehrm" name="parallel_classes" time="6.057"/>
  <system-out/>
</testsuite> <!-- Day_Parllel_classes.TC01_orangehrm -->
