<?xml version="1.0" encoding="UTF-8"?>
<!-- Generated by org.testng.reporters.JUnitReportReporter -->
<testsuite hostname="LAPTOP-VLNDL6NA" failures="0" tests="1" name="Sai_day3.TCO1_StaticParameters_methode" time="12.616" errors="0" timestamp="2021-11-09T15:19:31 IST" skipped="0">
  <testcase classname="Sai_day3.TCO1_StaticParameters_methode" name="logintest" time="12.616"/>
  <system-out/>
</testsuite> <!-- Sai_day3.TCO1_StaticParameters_methode -->
