<?xml version="1.0" encoding="UTF-8"?>
<!-- Generated by org.testng.reporters.JUnitReportReporter -->
<testsuite hostname="LAPTOP-VLNDL6NA" failures="0" tests="1" name="Sai_Day11.Add_jobs_login" time="15.212" errors="0" timestamp="2021-11-11T11:28:54 IST" skipped="0">
  <testcase classname="Sai_Day11.Add_jobs_login" name="Logintest" time="15.212"/>
  <system-out/>
</testsuite> <!-- Sai_Day11.Add_jobs_login -->
