<?xml version="1.0" encoding="UTF-8"?>
<!-- Generated by org.testng.reporters.JUnitReportReporter -->
<testsuite hostname="LAPTOP-VLNDL6NA" failures="0" tests="1" name="ABC_Demo1.TC01_Login" time="6.893" errors="0" timestamp="2021-11-08T08:59:52 IST" skipped="0">
  <testcase classname="ABC_Demo1.TC01_Login" name="LoginTest" time="6.893"/>
  <system-out/>
</testsuite> <!-- ABC_Demo1.TC01_Login -->
