<?xml version="1.0" encoding="UTF-8"?>
<!-- Generated by org.testng.reporters.JUnitReportReporter -->
<testsuite hostname="LAPTOP-VLNDL6NA" failures="0" tests="1" name="Day_016_ParallelClasses.MercuryTest" time="5.526" errors="0" timestamp="2021-11-15T12:10:41 IST" skipped="0">
  <testcase classname="Day_016_ParallelClasses.MercuryTest" name="Open_Mercury" time="5.526"/>
  <system-out/>
</testsuite> <!-- Day_016_ParallelClasses.MercuryTest -->
