<?xml version="1.0" encoding="UTF-8"?>
<!-- Generated by org.testng.reporters.JUnitReportReporter -->
<testsuite hostname="LAPTOP-VLNDL6NA" failures="0" tests="1" name="ABC_Demo2.TC01_Login" time="8.525" errors="0" timestamp="2021-11-18T13:02:18 IST" skipped="0">
  <testcase classname="ABC_Demo2.TC01_Login" name="Login_Test" time="8.525"/>
  <system-out/>
</testsuite> <!-- ABC_Demo2.TC01_Login -->
