<?xml version="1.0" encoding="UTF-8"?>
<!-- Generated by org.testng.reporters.JUnitReportReporter -->
<testsuite hostname="DESKTOP-VL2N6EH" failures="0" tests="1" name="ABC_Demo11.TC01_Login" time="23.035" errors="0" timestamp="2020-03-02T19:47:20 IST" skipped="0">
  <testcase classname="ABC_Demo11.TC01_Login" name="login_test" time="23.035"/>
</testsuite> <!-- ABC_Demo11.TC01_Login -->
