<?xml version="1.0" encoding="UTF-8"?>
<!-- Generated by org.testng.reporters.JUnitReportReporter -->
<testsuite hostname="LAPTOP-VLNDL6NA" failures="0" tests="3" name="ABC_Demo1.TC03_Login_Static_Paarameters" time="45.004" errors="0" timestamp="2021-11-08T09:01:12 IST" skipped="0">
  <testcase classname="ABC_Demo1.TC03_Login_Static_Paarameters" name="Login_Test" time="14.041"/>
  <system-out/>
  <testcase classname="ABC_Demo1.TC03_Login_Static_Paarameters" name="Login_Test" time="16.122"/>
  <system-out/>
  <testcase classname="ABC_Demo1.TC03_Login_Static_Paarameters" name="Login_Test" time="14.841"/>
  <system-out/>
</testsuite> <!-- ABC_Demo1.TC03_Login_Static_Paarameters -->
