<?xml version="1.0" encoding="UTF-8"?>
<!-- Generated by org.testng.reporters.JUnitReportReporter -->
<testsuite hostname="LAPTOP-VLNDL6NA" failures="0" tests="1" name="Day_022_Action_class.TC03_Context_Menu" time="6.633" errors="0" timestamp="2021-11-19T12:41:55 IST" skipped="0">
  <testcase classname="Day_022_Action_class.TC03_Context_Menu" name="Login_Test" time="6.633"/>
  <system-out/>
</testsuite> <!-- Day_022_Action_class.TC03_Context_Menu -->
