<?xml version="1.0" encoding="UTF-8"?>
<!-- Generated by org.testng.reporters.JUnitReportReporter -->
<testsuite hostname="LAPTOP-VLNDL6NA" failures="0" tests="1" name="Day_030_Page_Factory.TC01_Add_Nationalities" time="82.827" errors="0" timestamp="2021-11-24T10:51:17 IST" skipped="0">
  <testcase classname="Day_030_Page_Factory.TC01_Add_Nationalities" name="Book_OneWay_Flight" time="82.827"/>
  <system-out/>
</testsuite> <!-- Day_030_Page_Factory.TC01_Add_Nationalities -->
