<?xml version="1.0" encoding="UTF-8"?>
<!-- Generated by org.testng.reporters.JUnitReportReporter -->
<testsuite hostname="LAPTOP-VLNDL6NA" failures="0" tests="1" name="Sai_day2_border.TC01_Add_job" time="15.429" errors="0" timestamp="2021-11-08T20:56:40 IST" skipped="0">
  <testcase classname="Sai_day2_border.TC01_Add_job" name="Openbrowser" time="15.429"/>
  <system-out/>
</testsuite> <!-- Sai_day2_border.TC01_Add_job -->
